<?xml version="1.0" encoding="UTF-8"?>
<!-- Generated by org.testng.reporters.JUnitReportReporter -->
<testsuite hostname="DESKTOP-M6L0B2Q" failures="0" tests="1" name="com.emp.qa.testcases.AlertsNotifiationsTest" time="44.172" errors="0" timestamp="2021-07-26T20:30:44 IST" skipped="0">
  <testcase classname="com.emp.qa.testcases.AlertsNotifiationsTest" name="AlertsNotifiationsPage" time="44.172"/>
  <system-out>
    <![CDATA[<B><font color = 'blue'>Step1 .</font></B> clicked on AlertsNotification
<B><font color = 'blue'>Step2 .</font></B> clicked on Location
<B><font color = 'blue'>Step3 .</font></B> clicked on Department
<B><font color = 'blue'>Step4 .</font></B> clicked Select Employees DropDown
<B><font color = 'blue'>Step5 .</font></B> clicked on SelectDateranges
<B><font color = 'blue'>Step6 .</font></B> clicked on Last30Days]]>
  </system-out>
</testsuite> <!-- com.emp.qa.testcases.AlertsNotifiationsTest -->
