<?xml version="1.0" encoding="UTF-8"?>
<!-- Generated by org.testng.reporters.JUnitReportReporter -->
<testsuite hostname="DESKTOP-M6L0B2Q" failures="0" tests="1" name="com.emp.qa.testcases.HrmsAttendanceOverrideTest" time="302.712" errors="0" timestamp="2021-12-14T16:10:06 IST" skipped="0">
  <testcase classname="com.emp.qa.testcases.HrmsAttendanceOverrideTest" name="HrmsAttendanceOverrideTest" time="302.712"/>
  <system-out>
    <![CDATA[<B><font color = 'blue'>Step1 .</font></B> clicked on Hrms Button
<B><font color = 'blue'>Step2 .</font></B> clicked on  Attendance
<B><font color = 'blue'>Step3 .</font></B> Entered data into SearchField
<B><font color = 'blue'>Step4 .</font></B> Clicked on SearchButton
<B><font color = 'blue'>Step6 .</font></B> Clicked on Wednesday
<B><font color = 'blue'>Step6 .</font></B> Clicked on AttendaneOverrideDropDown]]>
  </system-out>
</testsuite> <!-- com.emp.qa.testcases.HrmsAttendanceOverrideTest -->
